ScopeSigMgr:loadpffile /home/class/chint078/tsmc16_chint078/project3/OR/runor.tr0 1 openonly
# PF:1
wm geometry .sigmgr._PF:1 290x358+960+540
pf:read PF:1 v(a)
# WF:1:1
Graph addsignal WF:1:1 -region new -yview real(y) -xview real(x) -tracehi 2
# Signal0
pf:read PF:1 v(b)
# WF:1:2
Graph addsignal WF:1:2 -region new -yview real(y) -xview real(x) -tracehi 2
# Signal1
pf:read PF:1 v(c)
# WF:1:3
Graph addsignal WF:1:3 -region new -yview real(y) -xview real(x) -tracehi 2
# Signal2
pf:read PF:1 v(y)
# WF:1:4
Graph addsignal WF:1:4 -region new -yview real(y) -xview real(x) -tracehi 2
# Signal3
wm geometry .sigmgr 467x236+442+177
wm geometry .sigmgr 467x236+473+184
wm geometry .sigmgr 467x236+481+187
wm geometry .sigmgr 467x236+547+200
wm geometry .sigmgr 467x236+608+209
wm geometry .sigmgr 467x236+774+222
wm geometry .sigmgr 467x236+852+229
wm geometry .sigmgr 467x236+855+229
wm geometry .sigmgr 467x236+858+230
wm geometry .sigmgr 467x236+1151+295
wm geometry .sigmgr 467x236+1155+295
Mdi:ArrangeIcons
wm geometry . 1920x938+0+31
Mdi:ArrangeIcons
Mdi:FullSize
ScopeSigMgr:Unload 0 {{(1) runor.tr0}}
Graph0 delsignal Signal0
Graph0 delsignal Signal1
Graph0 delsignal Signal2
Graph0 delsignal Signal3
