ScopeSigMgr:loadpffile /home/class/chint078/tsmc16_chint078/project3/AND/runand.tr0 1 openonly
# {}
wm geometry .sigmgr 1500x691+0+31
wm geometry .sigmgr 467x236+923+114
ScopeSigMgr:loadpffile /home/class/chint078/tsmc16_chint078/project3/AND/runand.tr0 1 openonly
# PF:1
wm geometry .sigmgr._PF:1 290x358+750+400
pf:read PF:1 v(a)
# WF:1:1
Graph addsignal WF:1:1 -region new -yview real(y) -xview real(x) -tracehi 2
# Signal0
pf:read PF:1 v(b)
# WF:1:2
Graph addsignal WF:1:2 -region new -yview real(y) -xview real(x) -tracehi 2
# Signal1
pf:read PF:1 v(y)
# WF:1:3
Graph addsignal WF:1:3 -region new -yview real(y) -xview real(x) -tracehi 2
# Signal2
Mdi:FullSize
wm geometry .sigmgr 467x236+922+122
wm geometry .sigmgr 467x236+922+123
wm geometry .sigmgr 467x236+890+193
wm geometry .sigmgr 467x236+890+194
wm geometry .sigmgr 467x236+889+196
wm geometry .sigmgr 467x236+888+197
wm geometry .sigmgr 467x236+887+199
wm geometry .sigmgr 467x236+887+200
wm geometry .sigmgr 467x236+886+202
wm geometry .sigmgr 467x236+885+203
wm geometry .sigmgr 467x236+884+205
wm geometry .sigmgr 467x236+884+206
wm geometry .sigmgr 467x236+883+207
wm geometry .sigmgr 467x236+882+210
wm geometry .sigmgr 467x236+881+211
wm geometry .sigmgr 467x236+881+212
wm geometry .sigmgr 467x236+880+213
wm geometry .sigmgr 467x236+879+214
wm geometry .sigmgr 467x236+878+214
wm geometry .sigmgr 467x236+878+215
wm geometry .sigmgr 467x236+877+215
wm geometry .sigmgr 467x236+877+216
wm geometry .sigmgr 467x236+877+217
wm geometry .sigmgr 467x236+876+217
wm geometry .sigmgr 467x236+876+218
wm geometry .sigmgr 467x236+874+219
wm geometry .sigmgr 467x236+873+221
wm geometry .sigmgr 467x236+872+221
wm geometry .sigmgr 467x236+872+222
wm geometry .sigmgr 467x236+871+222
wm geometry .sigmgr 467x236+871+223
wm geometry .sigmgr 467x236+870+224
wm geometry .sigmgr 467x236+869+225
wm geometry .sigmgr 467x236+866+227
wm geometry .sigmgr 467x236+866+228
wm geometry .sigmgr 467x236+864+228
wm geometry .sigmgr 467x236+864+229
wm geometry .sigmgr 467x236+862+230
wm geometry .sigmgr 467x236+861+231
wm geometry .sigmgr 467x236+861+232
wm geometry .sigmgr 467x236+858+233
wm geometry .sigmgr 467x236+857+234
wm geometry .sigmgr 467x236+855+235
wm geometry .sigmgr 467x236+854+236
wm geometry .sigmgr 467x236+853+236
wm geometry .sigmgr 467x236+852+237
wm geometry .sigmgr 467x236+849+238
wm geometry .sigmgr 467x236+848+239
wm geometry .sigmgr 467x236+847+240
wm geometry .sigmgr 467x236+845+240
wm geometry .sigmgr 467x236+845+241
wm geometry .sigmgr 467x236+840+242
wm geometry .sigmgr 467x236+838+243
wm geometry .sigmgr 467x236+836+243
wm geometry .sigmgr 467x236+835+244
wm geometry .sigmgr 467x236+834+244
wm geometry .sigmgr 467x236+833+245
wm geometry .sigmgr 467x236+830+245
wm geometry .sigmgr 467x236+829+246
wm geometry .sigmgr 467x236+827+247
wm geometry .sigmgr 467x236+825+247
wm geometry .sigmgr 467x236+824+247
wm geometry .sigmgr 467x236+823+247
wm geometry .sigmgr 467x236+822+247
wm geometry .sigmgr 467x236+821+248
wm geometry .sigmgr 467x236+817+248
wm geometry .sigmgr 467x236+815+248
wm geometry .sigmgr 467x236+814+248
wm geometry .sigmgr 467x236+813+248
wm geometry .sigmgr 467x236+812+248
wm geometry .sigmgr 467x236+811+248
wm geometry .sigmgr 467x236+809+248
wm geometry .sigmgr 467x236+808+248
wm geometry .sigmgr 467x236+807+248
wm geometry .sigmgr 467x236+806+248
wm geometry .sigmgr 467x236+803+248
wm geometry .sigmgr 467x236+761+246
wm geometry .sigmgr 467x236+744+244
wm geometry .sigmgr 467x236+739+243
wm geometry .sigmgr 467x236+738+243
wm geometry .sigmgr 467x236+736+243
wm geometry .sigmgr 467x236+735+243
wm geometry .sigmgr 467x236+730+241
wm geometry .sigmgr 467x236+728+241
wm geometry .sigmgr 467x236+726+241
wm geometry .sigmgr 467x236+722+240
wm geometry .sigmgr 467x236+721+239
wm geometry .sigmgr 467x236+714+235
wm geometry .sigmgr 467x236+712+234
wm geometry .sigmgr 467x236+711+233
wm geometry .sigmgr 467x236+710+232
wm geometry .sigmgr 467x236+708+231
wm geometry .sigmgr 467x236+704+227
wm geometry .sigmgr 467x236+699+224
wm geometry .sigmgr 467x236+694+218
wm geometry .sigmgr 467x236+693+218
wm geometry .sigmgr 467x236+693+217
wm geometry .sigmgr 467x236+692+217
wm geometry .sigmgr 467x236+689+213
wm geometry .sigmgr 467x236+689+212
wm geometry .sigmgr 467x236+688+211
wm geometry .sigmgr 467x236+687+210
wm geometry .sigmgr 467x236+686+208
wm geometry .sigmgr 467x236+682+203
wm geometry .sigmgr 467x236+677+198
wm geometry .sigmgr 467x236+675+195
wm geometry .sigmgr 467x236+675+194
wm geometry .sigmgr 467x236+674+193
wm geometry .sigmgr 467x236+673+192
wm geometry .sigmgr 467x236+672+191
wm geometry .sigmgr 467x236+671+189
wm geometry .sigmgr 467x236+671+188
wm geometry .sigmgr 467x236+669+187
wm geometry .sigmgr 467x236+669+186
wm geometry .sigmgr 467x236+669+185
wm geometry .sigmgr 467x236+667+183
wm geometry .sigmgr 467x236+666+181
wm geometry .sigmgr 467x236+666+180
wm geometry .sigmgr 467x236+666+179
wm geometry .sigmgr 467x236+666+178
wm geometry .sigmgr 467x236+666+177
wm geometry .sigmgr 467x236+666+176
wm geometry .sigmgr 467x236+666+172
wm geometry .sigmgr 467x236+666+171
wm geometry .sigmgr 467x236+666+169
wm geometry .sigmgr 467x236+666+168
wm geometry .sigmgr 467x236+666+167
wm geometry .sigmgr 467x236+666+160
wm geometry .sigmgr 467x236+666+159
wm geometry .sigmgr 467x236+666+158
wm geometry .sigmgr 467x236+666+157
wm geometry .sigmgr 467x236+666+156
wm geometry .sigmgr 467x236+666+155
wm geometry .sigmgr 467x236+666+154
wm geometry .sigmgr 467x236+666+153
wm geometry .sigmgr 467x236+666+152
wm geometry .sigmgr 467x236+666+151
wm geometry .sigmgr 467x236+666+150
wm geometry .sigmgr 467x236+666+149
wm geometry .sigmgr 467x236+666+148
wm geometry .sigmgr 467x236+666+147
wm geometry .sigmgr 467x236+666+146
wm geometry .sigmgr 467x236+666+145
wm geometry .sigmgr 467x236+666+144
wm geometry .sigmgr 467x236+666+143
wm geometry .sigmgr 467x236+666+142
wm geometry .sigmgr 467x236+667+141
wm geometry .sigmgr 467x236+667+140
wm geometry .sigmgr 467x236+667+139
wm geometry .sigmgr 467x236+667+138
wm geometry .sigmgr 467x236+667+136
wm geometry .sigmgr 467x236+668+136
wm geometry .sigmgr 467x236+668+135
wm geometry .sigmgr 467x236+668+134
wm geometry .sigmgr 467x236+668+133
wm geometry .sigmgr 467x236+668+132
wm geometry .sigmgr 467x236+668+131
wm geometry .sigmgr 467x236+669+131
wm geometry .sigmgr 467x236+669+130
wm geometry .sigmgr 467x236+669+129
wm geometry .sigmgr 467x236+669+128
wm geometry .sigmgr 467x236+669+127
wm geometry .sigmgr 467x236+670+127
wm geometry .sigmgr 467x236+671+126
wm geometry .sigmgr 467x236+671+125
wm geometry .sigmgr 467x236+671+124
wm geometry .sigmgr 467x236+672+123
wm geometry .sigmgr 467x236+672+122
wm geometry .sigmgr 467x236+672+121
wm geometry .sigmgr 467x236+673+121
wm geometry .sigmgr 467x236+673+120
wm geometry .sigmgr 467x236+673+119
wm geometry .sigmgr 467x236+675+117
wm geometry .sigmgr 467x236+676+117
wm geometry .sigmgr 467x236+676+116
wm geometry .sigmgr 467x236+676+115
wm geometry .sigmgr 467x236+677+114
wm geometry .sigmgr 467x236+678+114
wm geometry .sigmgr 467x236+678+113
wm geometry .sigmgr 467x236+679+113
wm geometry .sigmgr 467x236+680+113
wm geometry .sigmgr 467x236+686+105
wm geometry .sigmgr 467x236+686+103
wm geometry .sigmgr 467x236+687+103
wm geometry .sigmgr 467x236+687+102
wm geometry .sigmgr 467x236+686+103
wm geometry .sigmgr 467x236+686+104
wm geometry .sigmgr 467x236+685+104
wm geometry .sigmgr 467x236+685+105
wm geometry .sigmgr 467x236+685+106
wm geometry .sigmgr 467x236+685+107
wm geometry .sigmgr 467x236+684+107
wm geometry .sigmgr 467x236+684+109
wm geometry .sigmgr 467x236+684+110
wm geometry .sigmgr 467x236+683+110
wm geometry .sigmgr 467x236+683+111
wm geometry .sigmgr 467x236+682+112
wm geometry .sigmgr 467x236+682+113
wm geometry .sigmgr 467x236+681+114
wm geometry .sigmgr 467x236+681+115
wm geometry .sigmgr 467x236+680+115
wm geometry .sigmgr 467x236+680+116
wm geometry .sigmgr 467x236+679+117
wm geometry .sigmgr 467x236+678+118
wm geometry .sigmgr 467x236+678+119
wm geometry .sigmgr 467x236+677+119
wm geometry .sigmgr 467x236+677+120
wm geometry .sigmgr 467x236+676+121
wm geometry .sigmgr 467x236+676+122
wm geometry .sigmgr 467x236+675+122
wm geometry .sigmgr 467x236+675+123
wm geometry .sigmgr 467x236+673+124
wm geometry .sigmgr 467x236+672+125
wm geometry .sigmgr 467x236+672+126
wm geometry .sigmgr 467x236+671+126
wm geometry .sigmgr 467x236+669+127
wm geometry .sigmgr 467x236+669+128
wm geometry .sigmgr 467x236+668+128
wm geometry .sigmgr 467x236+668+130
wm geometry .sigmgr 467x236+667+130
wm geometry .sigmgr 467x236+666+131
wm geometry .sigmgr 467x236+665+132
wm geometry .sigmgr 467x236+664+132
wm geometry .sigmgr 467x236+664+133
wm geometry .sigmgr 467x236+663+134
wm geometry .sigmgr 467x236+662+134
wm geometry .sigmgr 467x236+661+135
wm geometry .sigmgr 467x236+660+135
wm geometry .sigmgr 467x236+659+136
wm geometry .sigmgr 467x236+658+137
wm geometry .sigmgr 467x236+657+138
wm geometry .sigmgr 467x236+656+138
wm geometry .sigmgr 467x236+656+139
wm geometry .sigmgr 467x236+655+139
wm geometry .sigmgr 467x236+654+140
wm geometry .sigmgr 467x236+653+140
wm geometry .sigmgr 467x236+653+141
wm geometry .sigmgr 467x236+652+141
wm geometry .sigmgr 467x236+652+142
wm geometry .sigmgr 467x236+651+142
wm geometry .sigmgr 467x236+651+143
wm geometry .sigmgr 467x236+650+143
wm geometry .sigmgr 467x236+649+143
wm geometry .sigmgr 467x236+649+144
wm geometry .sigmgr 467x236+648+144
wm geometry .sigmgr 467x236+647+145
wm geometry .sigmgr 467x236+646+145
wm geometry .sigmgr 467x236+646+146
wm geometry .sigmgr 467x236+645+146
wm geometry .sigmgr 467x236+645+147
wm geometry .sigmgr 467x236+644+147
wm geometry .sigmgr 467x236+643+148
wm geometry .sigmgr 467x236+642+148
wm geometry .sigmgr 467x236+642+149
wm geometry .sigmgr 467x236+640+150
wm geometry .sigmgr 467x236+638+151
wm geometry .sigmgr 467x236+638+152
wm geometry .sigmgr 467x236+637+153
wm geometry .sigmgr 467x236+637+154
wm geometry .sigmgr 467x236+636+154
wm geometry .sigmgr 467x236+635+154
wm geometry .sigmgr 467x236+635+155
wm geometry .sigmgr 467x236+634+155
wm geometry .sigmgr 467x236+633+155
wm geometry .sigmgr 467x236+633+156
wm geometry .sigmgr 467x236+632+157
wm geometry .sigmgr 467x236+631+157
wm geometry .sigmgr 467x236+631+158
wm geometry .sigmgr 467x236+630+158
wm geometry .sigmgr 467x236+630+159
wm geometry .sigmgr 467x236+629+160
wm geometry .sigmgr 467x236+628+160
wm geometry .sigmgr 467x236+628+161
wm geometry .sigmgr 467x236+624+164
wm geometry .sigmgr 467x236+623+166
wm geometry .sigmgr 467x236+622+166
wm geometry .sigmgr 467x236+622+167
wm geometry .sigmgr 467x236+621+167
wm geometry .sigmgr 467x236+620+168
wm geometry .sigmgr 467x236+617+170
wm geometry .sigmgr 467x236+616+170
wm geometry .sigmgr 467x236+615+171
wm geometry .sigmgr 467x236+615+172
wm geometry .sigmgr 467x236+613+174
wm geometry .sigmgr 467x236+612+174
wm geometry .sigmgr 467x236+610+175
wm geometry .sigmgr 467x236+609+176
wm geometry .sigmgr 467x236+608+177
wm geometry .sigmgr 467x236+605+179
wm geometry .sigmgr 467x236+604+180
wm geometry .sigmgr 467x236+602+182
wm geometry .sigmgr 467x236+601+183
wm geometry .sigmgr 467x236+599+184
wm geometry .sigmgr 467x236+598+184
wm geometry .sigmgr 467x236+596+187
wm geometry .sigmgr 467x236+595+187
wm geometry .sigmgr 467x236+594+188
wm geometry .sigmgr 467x236+593+189
wm geometry .sigmgr 467x236+593+190
wm geometry .sigmgr 467x236+592+190
wm geometry .sigmgr 467x236+590+191
wm geometry .sigmgr 467x236+589+191
wm geometry .sigmgr 467x236+588+192
wm geometry .sigmgr 467x236+588+193
wm geometry .sigmgr 467x236+587+194
wm geometry .sigmgr 467x236+586+194
wm geometry .sigmgr 467x236+586+195
wm geometry .sigmgr 467x236+585+195
wm geometry .sigmgr 467x236+583+196
wm geometry .sigmgr 467x236+582+197
wm geometry .sigmgr 467x236+582+198
wm geometry .sigmgr 467x236+581+198
wm geometry .sigmgr 467x236+581+199
wm geometry .sigmgr 467x236+580+199
wm geometry .sigmgr 467x236+579+199
wm geometry .sigmgr 467x236+578+200
wm geometry .sigmgr 467x236+577+200
wm geometry .sigmgr 467x236+577+201
wm geometry .sigmgr 467x236+574+203
wm geometry .sigmgr 467x236+573+203
wm geometry .sigmgr 467x236+569+205
wm geometry .sigmgr 467x236+568+206
wm geometry .sigmgr 467x236+567+206
wm geometry .sigmgr 467x236+565+207
wm geometry .sigmgr 467x236+562+208
wm geometry .sigmgr 467x236+561+209
wm geometry .sigmgr 467x236+559+210
wm geometry .sigmgr 467x236+558+210
wm geometry .sigmgr 467x236+555+211
wm geometry .sigmgr 467x236+554+212
wm geometry .sigmgr 467x236+553+213
wm geometry .sigmgr 467x236+552+213
wm geometry .sigmgr 467x236+551+213
wm geometry .sigmgr 467x236+549+214
wm geometry .sigmgr 467x236+548+215
wm geometry .sigmgr 467x236+542+216
wm geometry .sigmgr 467x236+540+216
wm geometry .sigmgr 467x236+538+217
wm geometry .sigmgr 467x236+537+217
wm geometry .sigmgr 467x236+533+217
wm geometry .sigmgr 467x236+531+217
wm geometry .sigmgr 467x236+531+218
wm geometry .sigmgr 467x236+530+218
wm geometry .sigmgr 467x236+529+218
wm geometry .sigmgr 467x236+528+218
wm geometry .sigmgr 467x236+520+220
wm geometry .sigmgr 467x236+519+220
wm geometry .sigmgr 467x236+518+220
wm geometry .sigmgr 467x236+517+220
wm geometry .sigmgr 467x236+516+220
wm geometry .sigmgr 467x236+515+221
wm geometry .sigmgr 467x236+514+221
wm geometry .sigmgr 467x236+512+221
wm geometry .sigmgr 467x236+510+222
wm geometry .sigmgr 467x236+508+222
wm geometry .sigmgr 467x236+506+222
wm geometry .sigmgr 467x236+505+222
wm geometry .sigmgr 467x236+500+222
wm geometry .sigmgr 467x236+498+222
wm geometry .sigmgr 467x236+496+222
wm geometry .sigmgr 467x236+494+223
wm geometry .sigmgr 467x236+493+223
wm geometry .sigmgr 467x236+492+223
wm geometry .sigmgr 467x236+491+223
wm geometry .sigmgr 467x236+490+223
wm geometry .sigmgr 467x236+489+223
wm geometry .sigmgr 467x236+484+223
wm geometry .sigmgr 467x236+483+223
wm geometry .sigmgr 467x236+482+223
wm geometry .sigmgr 467x236+481+223
wm geometry .sigmgr 467x236+480+223
wm geometry .sigmgr 467x236+479+223
wm geometry .sigmgr 467x236+478+223
wm geometry .sigmgr 467x236+477+223
wm geometry .sigmgr 467x236+475+223
wm geometry .sigmgr 467x236+474+223
wm geometry .sigmgr 467x236+473+223
wm geometry .sigmgr 467x236+472+223
wm geometry .sigmgr 467x236+471+223
wm geometry .sigmgr 467x236+470+223
wm geometry .sigmgr 467x236+469+223
wm geometry .sigmgr 467x236+468+223
wm geometry .sigmgr 467x236+464+223
wm geometry .sigmgr 467x236+462+223
wm geometry .sigmgr 467x236+461+223
wm geometry .sigmgr 467x236+460+224
wm geometry .sigmgr 467x236+459+224
wm geometry .sigmgr 467x236+458+224
wm geometry .sigmgr 467x236+457+224
wm geometry .sigmgr 467x236+456+224
wm geometry .sigmgr 467x236+455+224
wm geometry .sigmgr 467x236+454+224
wm geometry .sigmgr 467x236+453+224
wm geometry .sigmgr 467x236+451+224
wm geometry .sigmgr 467x236+450+224
wm geometry .sigmgr 467x236+448+224
wm geometry .sigmgr 467x236+447+224
wm geometry .sigmgr 467x236+446+224
wm geometry .sigmgr 467x236+443+224
wm geometry .sigmgr 467x236+441+224
wm geometry .sigmgr 467x236+440+224
wm geometry .sigmgr 467x236+439+225
wm geometry .sigmgr 467x236+438+225
wm geometry .sigmgr 467x236+435+225
wm geometry .sigmgr 467x236+434+225
wm geometry .sigmgr 467x236+433+225
wm geometry .sigmgr 467x236+432+225
wm geometry .sigmgr 467x236+431+225
wm geometry .sigmgr 467x236+430+225
wm geometry .sigmgr 467x236+429+225
wm geometry .sigmgr 467x236+428+225
wm geometry .sigmgr 467x236+427+225
wm geometry .sigmgr 467x236+426+225
wm geometry .sigmgr 467x236+425+225
wm geometry .sigmgr 467x236+424+225
wm geometry .sigmgr 467x236+423+225
wm geometry .sigmgr 467x236+421+225
wm geometry .sigmgr 467x236+420+225
wm geometry .sigmgr 467x236+419+225
wm geometry .sigmgr 467x236+417+225
wm geometry .sigmgr 467x236+416+225
wm geometry .sigmgr 467x236+415+225
wm geometry .sigmgr 467x236+414+225
wm geometry .sigmgr 467x236+411+225
wm geometry .sigmgr 467x236+410+225
wm geometry .sigmgr 467x236+409+225
wm geometry .sigmgr 467x236+406+224
wm geometry .sigmgr 467x236+405+224
wm geometry .sigmgr 467x236+404+224
wm geometry .sigmgr 467x236+403+224
wm geometry .sigmgr 467x236+402+224
wm geometry .sigmgr 467x236+401+224
wm geometry .sigmgr 467x236+400+224
wm geometry .sigmgr 467x236+398+224
wm geometry .sigmgr 467x236+397+224
wm geometry .sigmgr 467x236+396+224
wm geometry .sigmgr 467x236+396+223
wm geometry .sigmgr 467x236+395+223
wm geometry .sigmgr 467x236+394+223
wm geometry .sigmgr 467x236+393+223
wm geometry .sigmgr 467x236+392+223
wm geometry .sigmgr 467x236+390+223
wm geometry .sigmgr 467x236+389+223
wm geometry .sigmgr 467x236+388+223
wm geometry .sigmgr 467x236+387+222
wm geometry .sigmgr 467x236+386+222
wm geometry .sigmgr 467x236+384+221
wm geometry .sigmgr 467x236+383+221
wm geometry .sigmgr 467x236+380+220
wm geometry .sigmgr 467x236+379+220
wm geometry .sigmgr 467x236+377+220
wm geometry .sigmgr 467x236+376+219
wm geometry .sigmgr 467x236+375+219
wm geometry .sigmgr 467x236+375+218
wm geometry .sigmgr 467x236+373+218
wm geometry .sigmgr 467x236+372+218
wm geometry .sigmgr 467x236+371+218
wm geometry .sigmgr 467x236+370+218
wm geometry .sigmgr 467x236+368+217
wm geometry .sigmgr 467x236+367+217
wm geometry .sigmgr 467x236+366+217
wm geometry .sigmgr 467x236+365+216
wm geometry .sigmgr 467x236+364+216
wm geometry .sigmgr 467x236+363+216
wm geometry .sigmgr 467x236+361+215
wm geometry .sigmgr 467x236+360+215
wm geometry .sigmgr 467x236+360+214
wm geometry .sigmgr 467x236+359+214
wm geometry .sigmgr 467x236+358+214
wm geometry .sigmgr 467x236+357+214
wm geometry .sigmgr 467x236+357+213
wm geometry .sigmgr 467x236+356+213
wm geometry .sigmgr 467x236+355+213
wm geometry .sigmgr 467x236+355+212
wm geometry .sigmgr 467x236+354+212
wm geometry .sigmgr 467x236+353+212
wm geometry .sigmgr 467x236+352+212
wm geometry .sigmgr 467x236+351+211
wm geometry .sigmgr 467x236+349+210
wm geometry .sigmgr 467x236+348+210
wm geometry .sigmgr 467x236+347+209
wm geometry .sigmgr 467x236+346+209
wm geometry .sigmgr 467x236+345+209
wm geometry .sigmgr 467x236+344+208
wm geometry .sigmgr 467x236+343+208
wm geometry .sigmgr 467x236+342+207
wm geometry .sigmgr 467x236+341+207
wm geometry .sigmgr 467x236+341+206
wm geometry .sigmgr 467x236+340+206
wm geometry .sigmgr 467x236+339+205
wm geometry .sigmgr 467x236+338+204
wm geometry .sigmgr 467x236+337+204
wm geometry .sigmgr 467x236+337+203
wm geometry .sigmgr 467x236+336+202
wm geometry .sigmgr 467x236+335+201
wm geometry .sigmgr 467x236+335+200
wm geometry .sigmgr 467x236+334+199
wm geometry .sigmgr 467x236+334+198
wm geometry .sigmgr 467x236+333+197
wm geometry .sigmgr 467x236+333+196
wm geometry .sigmgr 467x236+333+195
wm geometry .sigmgr 467x236+333+194
wm geometry .sigmgr 467x236+333+193
wm geometry .sigmgr 467x236+332+192
wm geometry .sigmgr 467x236+332+191
wm geometry .sigmgr 467x236+331+191
wm geometry .sigmgr 467x236+330+191
wm geometry .sigmgr 467x236+329+191
wm geometry .sigmgr 467x236+328+191
wm geometry .sigmgr 467x236+327+191
wm geometry .sigmgr 467x236+326+191
wm geometry .sigmgr 467x236+325+191
wm geometry .sigmgr 467x236+324+191
wm geometry .sigmgr 467x236+323+191
wm geometry .sigmgr 467x236+322+191
wm geometry .sigmgr 467x236+321+191
wm geometry .sigmgr 467x236+320+191
wm geometry .sigmgr 467x236+319+191
wm geometry .sigmgr 467x236+318+191
wm geometry .sigmgr 467x236+317+191
wm geometry .sigmgr 467x236+316+191
wm geometry .sigmgr 467x236+315+191
wm geometry .sigmgr 467x236+314+191
wm geometry .sigmgr 467x236+312+191
wm geometry .sigmgr 467x236+311+191
wm geometry .sigmgr 467x236+310+191
wm geometry .sigmgr 467x236+309+191
wm geometry .sigmgr 467x236+308+191
wm geometry .sigmgr 467x236+307+191
wm geometry .sigmgr 467x236+306+191
wm geometry .sigmgr 467x236+305+191
wm geometry .sigmgr 467x236+304+191
wm geometry .sigmgr 467x236+303+191
wm geometry .sigmgr 467x236+302+191
wm geometry .sigmgr 467x236+301+191
wm geometry .sigmgr 467x236+300+191
wm geometry .sigmgr 467x236+299+191
wm geometry .sigmgr 467x236+298+191
wm geometry .sigmgr 467x236+297+191
wm geometry .sigmgr 467x236+296+191
wm geometry .sigmgr 467x236+294+191
wm geometry .sigmgr 467x236+293+191
wm geometry .sigmgr 467x236+292+191
wm geometry .sigmgr 467x236+291+191
wm geometry .sigmgr 467x236+290+191
wm geometry .sigmgr 467x236+289+191
wm geometry .sigmgr 467x236+288+191
wm geometry .sigmgr 467x236+287+191
wm geometry .sigmgr 467x236+286+191
wm geometry .sigmgr 467x236+285+191
wm geometry .sigmgr 467x236+284+191
wm geometry .sigmgr 467x236+283+191
wm geometry .sigmgr 467x236+282+191
wm geometry .sigmgr 467x236+281+191
wm geometry .sigmgr 467x236+280+191
wm geometry .sigmgr 467x236+279+191
wm geometry .sigmgr 467x236+278+191
wm geometry .sigmgr 467x236+277+191
wm geometry .sigmgr 467x236+276+191
wm geometry .sigmgr 467x236+275+191
wm geometry .sigmgr 467x236+274+191
wm geometry .sigmgr 467x236+273+191
wm geometry .sigmgr 467x236+271+191
ScopeSigMgr:Unload 0 {{(1) runand.tr0}}
ScopeSigMgr:Unload 0 {{(1) runand.tr0}}
Graph0 delsignal Signal0
Graph0 delsignal Signal1
Graph0 delsignal Signal2
ScopeSigMgr:loadpffile /home/class/chint078/tsmc16_chint078/project3/AND/runand.tr0 1 openonly
# PF:2
wm geometry .sigmgr._PF:2 290x358+750+400
pf:read PF:2 v(a)
# WF:2:1
Graph addsignal WF:2:1 -region new -yview real(y) -xview real(x) -tracehi 2
# Signal0
pf:read PF:2 v(b)
# WF:2:2
Graph addsignal WF:2:2 -region new -yview real(y) -xview real(x) -tracehi 2
# Signal1
pf:read PF:2 v(y)
# WF:2:3
Graph addsignal WF:2:3 -region new -yview real(y) -xview real(x) -tracehi 2
# Signal2
ScopeSigMgr:Unload 0 {{(1) runand.tr0}}
Graph0 delsignal Signal0
Graph0 delsignal Signal1
Graph0 delsignal Signal2
ScopeSigMgr:loadpffile /home/class/chint078/tsmc16_chint078/project3/HA/runHA.tr0 1 openonly
# PF:3
wm geometry .sigmgr._PF:3 290x358+750+400
pf:read PF:3 v(a)
# WF:3:1
Graph addsignal WF:3:1 -region new -yview real(y) -xview real(x) -tracehi 2
# Signal0
pf:read PF:3 v(b)
# WF:3:2
Graph addsignal WF:3:2 -region new -yview real(y) -xview real(x) -tracehi 2
# Signal1
pf:read PF:3 v(c)
# WF:3:3
Graph addsignal WF:3:3 -region new -yview real(y) -xview real(x) -tracehi 2
# Signal2
pf:read PF:3 v(s)
# WF:3:4
Graph addsignal WF:3:4 -region new -yview real(y) -xview real(x) -tracehi 2
# Signal3
ScopeSigMgr:Unload 0 {{(1) runHA.tr0}}
Graph0 delsignal Signal0
Graph0 delsignal Signal1
Graph0 delsignal Signal2
Graph0 delsignal Signal3
